mode: count
github.com/ing-bank/zkrp/ccs08/ccs08.go:100.45,108.32 4 1
github.com/ing-bank/zkrp/ccs08/ccs08.go:113.5,115.18 3 1
github.com/ing-bank/zkrp/ccs08/ccs08.go:108.32,111.6 2 4
github.com/ing-bank/zkrp/ccs08/ccs08.go:123.44,131.27 4 2
github.com/ing-bank/zkrp/ccs08/ccs08.go:136.5,140.18 5 2
github.com/ing-bank/zkrp/ccs08/ccs08.go:131.27,134.6 2 67
github.com/ing-bank/zkrp/ccs08/ccs08.go:146.67,160.12 7 1
github.com/ing-bank/zkrp/ccs08/ccs08.go:165.5,191.26 21 1
github.com/ing-bank/zkrp/ccs08/ccs08.go:160.12,162.6 1 0
github.com/ing-bank/zkrp/ccs08/ccs08.go:197.58,219.29 14 3
github.com/ing-bank/zkrp/ccs08/ccs08.go:240.5,251.29 7 3
github.com/ing-bank/zkrp/ccs08/ccs08.go:257.5,257.26 1 3
github.com/ing-bank/zkrp/ccs08/ccs08.go:219.29,222.15 3 9
github.com/ing-bank/zkrp/ccs08/ccs08.go:222.15,236.10 12 9
github.com/ing-bank/zkrp/ccs08/ccs08.go:236.15,238.10 1 0
github.com/ing-bank/zkrp/ccs08/ccs08.go:251.29,256.6 4 9
github.com/ing-bank/zkrp/ccs08/ccs08.go:263.65,293.2 20 1
github.com/ing-bank/zkrp/ccs08/ccs08.go:298.62,308.29 4 3
github.com/ing-bank/zkrp/ccs08/ccs08.go:316.5,321.29 5 3
github.com/ing-bank/zkrp/ccs08/ccs08.go:335.5,335.25 1 3
github.com/ing-bank/zkrp/ccs08/ccs08.go:308.29,314.6 5 9
github.com/ing-bank/zkrp/ccs08/ccs08.go:321.29,334.6 10 9
github.com/ing-bank/zkrp/ccs08/ccs08.go:363.44,370.14 2 2
github.com/ing-bank/zkrp/ccs08/ccs08.go:374.5,376.18 3 1
github.com/ing-bank/zkrp/ccs08/ccs08.go:370.14,373.6 2 1
github.com/ing-bank/zkrp/ccs08/ccs08.go:376.18,379.19 2 1
github.com/ing-bank/zkrp/ccs08/ccs08.go:379.19,381.42 2 1
github.com/ing-bank/zkrp/ccs08/ccs08.go:384.13,389.21 6 1
github.com/ing-bank/zkrp/ccs08/ccs08.go:381.42,383.14 1 2
github.com/ing-bank/zkrp/ccs08/ccs08.go:390.15,393.10 2 0
github.com/ing-bank/zkrp/ccs08/ccs08.go:394.11,397.6 2 0
github.com/ing-bank/zkrp/ccs08/ccs08.go:403.34,418.2 9 1
github.com/ing-bank/zkrp/ccs08/ccs08.go:423.43,427.2 3 1
