mode: count
github.com/ing-bank/zkrp/bulletproofs/bip.go:68.106,71.15 2 19
github.com/ing-bank/zkrp/bulletproofs/bip.go:76.5,76.17 1 19
github.com/ing-bank/zkrp/bulletproofs/bip.go:81.5,81.17 1 19
github.com/ing-bank/zkrp/bulletproofs/bip.go:90.5,90.17 1 19
github.com/ing-bank/zkrp/bulletproofs/bip.go:98.5,102.23 4 19
github.com/ing-bank/zkrp/bulletproofs/bip.go:71.15,73.6 1 0
github.com/ing-bank/zkrp/bulletproofs/bip.go:73.11,75.6 1 19
github.com/ing-bank/zkrp/bulletproofs/bip.go:76.17,78.6 1 1
github.com/ing-bank/zkrp/bulletproofs/bip.go:78.11,80.6 1 18
github.com/ing-bank/zkrp/bulletproofs/bip.go:81.17,83.46 2 1
github.com/ing-bank/zkrp/bulletproofs/bip.go:83.46,86.10 1 4
github.com/ing-bank/zkrp/bulletproofs/bip.go:87.11,89.6 1 18
github.com/ing-bank/zkrp/bulletproofs/bip.go:90.17,92.46 2 1
github.com/ing-bank/zkrp/bulletproofs/bip.go:92.46,94.10 1 4
github.com/ing-bank/zkrp/bulletproofs/bip.go:95.11,97.6 1 18
github.com/ing-bank/zkrp/bulletproofs/bip.go:108.109,119.15 4 19
github.com/ing-bank/zkrp/bulletproofs/bip.go:125.5,134.22 8 19
github.com/ing-bank/zkrp/bulletproofs/bip.go:119.15,121.6 1 0
github.com/ing-bank/zkrp/bulletproofs/bip.go:140.127,149.15 2 111
github.com/ing-bank/zkrp/bulletproofs/bip.go:216.5,217.17 2 111
github.com/ing-bank/zkrp/bulletproofs/bip.go:149.15,160.6 8 19
github.com/ing-bank/zkrp/bulletproofs/bip.go:160.11,215.6 33 92
github.com/ing-bank/zkrp/bulletproofs/bip.go:223.55,235.45 7 17
github.com/ing-bank/zkrp/bulletproofs/bip.go:255.5,268.18 10 17
github.com/ing-bank/zkrp/bulletproofs/bip.go:235.45,252.6 13 82
github.com/ing-bank/zkrp/bulletproofs/bip.go:274.85,278.35 3 19
github.com/ing-bank/zkrp/bulletproofs/bip.go:283.5,288.23 5 19
github.com/ing-bank/zkrp/bulletproofs/bip.go:278.35,281.6 2 580
github.com/ing-bank/zkrp/bulletproofs/bip.go:294.72,303.2 5 19
github.com/ing-bank/zkrp/bulletproofs/bip.go:308.63,315.35 4 696
github.com/ing-bank/zkrp/bulletproofs/bip.go:318.5,318.18 1 696
github.com/ing-bank/zkrp/bulletproofs/bip.go:315.35,317.6 1 4240
github.com/ing-bank/zkrp/bulletproofs/bp.go:77.53,78.25 1 18
github.com/ing-bank/zkrp/bulletproofs/bp.go:82.5,86.32 5 18
github.com/ing-bank/zkrp/bulletproofs/bp.go:89.5,89.22 1 18
github.com/ing-bank/zkrp/bulletproofs/bp.go:92.5,94.42 3 18
github.com/ing-bank/zkrp/bulletproofs/bp.go:98.5,98.23 1 18
github.com/ing-bank/zkrp/bulletproofs/bp.go:78.25,80.6 1 0
github.com/ing-bank/zkrp/bulletproofs/bp.go:86.32,88.6 1 0
github.com/ing-bank/zkrp/bulletproofs/bp.go:89.22,91.6 1 0
github.com/ing-bank/zkrp/bulletproofs/bp.go:94.42,97.6 2 576
github.com/ing-bank/zkrp/bulletproofs/bp.go:106.81,222.24 53 18
github.com/ing-bank/zkrp/bulletproofs/bp.go:225.5,240.22 14 18
github.com/ing-bank/zkrp/bulletproofs/bp.go:222.24,224.6 1 0
github.com/ing-bank/zkrp/bulletproofs/bp.go:246.50,336.2 44 16
github.com/ing-bank/zkrp/bulletproofs/bp.go:341.45,343.35 2 36
github.com/ing-bank/zkrp/bulletproofs/bp.go:346.5,346.13 1 36
github.com/ing-bank/zkrp/bulletproofs/bp.go:343.35,345.6 1 1152
github.com/ing-bank/zkrp/bulletproofs/bp.go:356.74,367.15 7 34
github.com/ing-bank/zkrp/bulletproofs/bp.go:372.5,372.18 1 34
github.com/ing-bank/zkrp/bulletproofs/bp.go:367.15,371.6 3 1054
github.com/ing-bank/zkrp/bulletproofs/bp.go:378.44,380.47 2 18
github.com/ing-bank/zkrp/bulletproofs/bp.go:389.5,389.23 1 18
github.com/ing-bank/zkrp/bulletproofs/bp.go:380.47,381.22 1 576
github.com/ing-bank/zkrp/bulletproofs/bp.go:381.22,383.10 1 383
github.com/ing-bank/zkrp/bulletproofs/bp.go:383.15,383.29 1 193
github.com/ing-bank/zkrp/bulletproofs/bp.go:383.29,385.10 1 193
github.com/ing-bank/zkrp/bulletproofs/bp.go:385.15,387.10 1 0
github.com/ing-bank/zkrp/bulletproofs/bp.go:392.110,395.35 2 18
github.com/ing-bank/zkrp/bulletproofs/bp.go:399.5,399.13 1 18
github.com/ing-bank/zkrp/bulletproofs/bp.go:395.35,398.6 2 576
github.com/ing-bank/zkrp/bulletproofs/bp.go:405.104,408.35 2 18
github.com/ing-bank/zkrp/bulletproofs/bp.go:414.5,414.13 1 18
github.com/ing-bank/zkrp/bulletproofs/bp.go:408.35,413.6 4 576
github.com/ing-bank/zkrp/bulletproofs/bp.go:420.69,447.2 17 16
github.com/ing-bank/zkrp/bulletproofs/bprp.go:47.46,53.22 6 6
github.com/ing-bank/zkrp/bulletproofs/bprp.go:56.5,57.22 2 6
github.com/ing-bank/zkrp/bulletproofs/bprp.go:60.5,60.23 1 6
github.com/ing-bank/zkrp/bulletproofs/bprp.go:53.22,55.6 1 0
github.com/ing-bank/zkrp/bulletproofs/bprp.go:57.22,59.6 1 0
github.com/ing-bank/zkrp/bulletproofs/bprp.go:69.69,79.20 7 6
github.com/ing-bank/zkrp/bulletproofs/bprp.go:83.5,86.20 4 6
github.com/ing-bank/zkrp/bulletproofs/bprp.go:90.5,90.22 1 6
github.com/ing-bank/zkrp/bulletproofs/bprp.go:79.20,81.6 1 0
github.com/ing-bank/zkrp/bulletproofs/bprp.go:86.20,88.6 1 0
github.com/ing-bank/zkrp/bulletproofs/bprp.go:96.47,98.13 2 6
github.com/ing-bank/zkrp/bulletproofs/bprp.go:101.5,102.13 2 4
github.com/ing-bank/zkrp/bulletproofs/bprp.go:106.5,106.27 1 3
github.com/ing-bank/zkrp/bulletproofs/bprp.go:98.13,100.6 1 2
github.com/ing-bank/zkrp/bulletproofs/bprp.go:102.13,104.6 1 1
github.com/ing-bank/zkrp/bulletproofs/util.go:34.46,42.15 5 101
github.com/ing-bank/zkrp/bulletproofs/util.go:48.5,48.18 1 101
github.com/ing-bank/zkrp/bulletproofs/util.go:42.15,47.6 4 3203
github.com/ing-bank/zkrp/bulletproofs/util.go:54.58,80.2 22 244
github.com/ing-bank/zkrp/bulletproofs/util.go:85.66,92.15 4 438
github.com/ing-bank/zkrp/bulletproofs/util.go:95.5,97.15 3 438
github.com/ing-bank/zkrp/bulletproofs/util.go:101.5,101.23 1 438
github.com/ing-bank/zkrp/bulletproofs/util.go:92.15,94.6 1 0
github.com/ing-bank/zkrp/bulletproofs/util.go:97.15,100.6 2 4428
github.com/ing-bank/zkrp/bulletproofs/util.go:107.55,114.15 4 289
github.com/ing-bank/zkrp/bulletproofs/util.go:117.5,119.15 3 289
github.com/ing-bank/zkrp/bulletproofs/util.go:125.5,125.23 1 289
github.com/ing-bank/zkrp/bulletproofs/util.go:114.15,116.6 1 0
github.com/ing-bank/zkrp/bulletproofs/util.go:119.15,124.6 4 4453
github.com/ing-bank/zkrp/bulletproofs/util.go:132.33,134.2 1 38
github.com/ing-bank/zkrp/bulletproofs/vector.go:31.58,38.15 4 67
github.com/ing-bank/zkrp/bulletproofs/vector.go:42.5,42.23 1 67
github.com/ing-bank/zkrp/bulletproofs/vector.go:38.15,41.6 2 2115
github.com/ing-bank/zkrp/bulletproofs/vector.go:48.65,55.15 4 37
github.com/ing-bank/zkrp/bulletproofs/vector.go:59.5,59.23 1 37
github.com/ing-bank/zkrp/bulletproofs/vector.go:55.15,58.6 2 1155
github.com/ing-bank/zkrp/bulletproofs/vector.go:65.53,72.15 4 291
github.com/ing-bank/zkrp/bulletproofs/vector.go:75.5,77.15 3 291
github.com/ing-bank/zkrp/bulletproofs/vector.go:82.5,82.23 1 291
github.com/ing-bank/zkrp/bulletproofs/vector.go:72.15,74.6 1 0
github.com/ing-bank/zkrp/bulletproofs/vector.go:77.15,81.6 3 4517
github.com/ing-bank/zkrp/bulletproofs/vector.go:88.53,95.15 4 19
github.com/ing-bank/zkrp/bulletproofs/vector.go:98.5,100.15 3 19
github.com/ing-bank/zkrp/bulletproofs/vector.go:105.5,105.23 1 19
github.com/ing-bank/zkrp/bulletproofs/vector.go:95.15,97.6 1 0
github.com/ing-bank/zkrp/bulletproofs/vector.go:100.15,104.6 3 579
github.com/ing-bank/zkrp/bulletproofs/vector.go:111.68,119.15 5 438
github.com/ing-bank/zkrp/bulletproofs/vector.go:124.5,124.23 1 438
github.com/ing-bank/zkrp/bulletproofs/vector.go:119.15,123.6 3 4484
github.com/ing-bank/zkrp/bulletproofs/vector.go:130.53,137.15 4 71
github.com/ing-bank/zkrp/bulletproofs/vector.go:140.5,142.15 3 71
github.com/ing-bank/zkrp/bulletproofs/vector.go:147.5,147.23 1 71
github.com/ing-bank/zkrp/bulletproofs/vector.go:137.15,139.6 1 0
github.com/ing-bank/zkrp/bulletproofs/vector.go:142.15,146.6 3 2243
github.com/ing-bank/zkrp/bulletproofs/vector.go:153.59,160.15 4 348
github.com/ing-bank/zkrp/bulletproofs/vector.go:163.5,165.15 3 348
github.com/ing-bank/zkrp/bulletproofs/vector.go:169.5,169.23 1 348
github.com/ing-bank/zkrp/bulletproofs/vector.go:160.15,162.6 1 0
github.com/ing-bank/zkrp/bulletproofs/vector.go:165.15,168.6 2 2120
